<?xml version="1.0" encoding="UTF-8"?>
<!-- Generated by org.testng.reporters.JUnitReportReporter -->
<testsuite hostname="DESKTOP-4CVQIGU" failures="0" tests="2" name="TestCases.verifyLoginPage" time="12.154" errors="0" timestamp="2023-02-14T01:47:51 IST" skipped="0">
  <testcase classname="TestCases.verifyLoginPage" name="login" time="5.370"/>
  <system-out/>
  <testcase classname="TestCases.verifyLoginPage" name="login" time="6.784"/>
  <system-out/>
</testsuite> <!-- TestCases.verifyLoginPage -->
