<?xml version="1.0" encoding="UTF-8"?>
<!-- Generated by org.testng.reporters.JUnitReportReporter -->
<testsuite hostname="DESKTOP-4CVQIGU" failures="0" tests="2" name="TestCases.verifyLoginPage" time="16.156" errors="0" timestamp="2023-08-02T15:48:21 IST" skipped="0">
  <testcase classname="TestCases.verifyLoginPage" name="login" time="8.716"/>
  <system-out/>
  <testcase classname="TestCases.verifyLoginPage" name="login" time="7.440"/>
  <system-out/>
</testsuite> <!-- TestCases.verifyLoginPage -->
