<?xml version="1.0" encoding="UTF-8"?>
<!-- Generated by org.testng.reporters.JUnitReportReporter -->
<testsuite hostname="DESKTOP-4CVQIGU" failures="0" tests="1" name="TestCases.VerifySignupPage" time="10.860" errors="0" timestamp="2023-02-14T01:24:21 IST" skipped="0">
  <testcase classname="TestCases.VerifySignupPage" name="signup" time="10.860"/>
  <system-out/>
</testsuite> <!-- TestCases.VerifySignupPage -->
